<GP>
<MSG>Connection Accepted</MSG>
</GP>
<GP>
<SYS>
<STATE>0x88000000</STATE>
</SYS>
</GP>
<GP>
<SYS>
<STATE>0x88000000</STATE>
</SYS>
</GP>
<GP>
<LIC aUuid="{1AD088E6-57F8-4949-A1C3-14C3C871D863}" aName="evo;professional;pigmented">
//////////8PAAAAAAAAAAAAAAAAAAAAAAAAAAAAAAA=
</LIC>
</GP>
<GP>
<INKSYSSETUP>
<NOZZLESIZE aPOffs="0">70</NOZZLESIZE>
</INKSYSSETUP>
<SYS>
<STATE>0x88000000</STATE>
</SYS>
</GP>
<GP>
<SYS>
<STATE>0x88000000</STATE>
</SYS>
</GP>
<GP>
<SYS>
<STATE>0x88000000</STATE>
</SYS>
</GP>
<GP>
<PRODCOUNTER>26</PRODCOUNTER>
<SYS>
<STATE>0x88000000</STATE>
</SYS>
</GP>
<GP>
<STAT aStp="1" aNri="1">0</STAT>
</GP>
<GP>
<SYS>
<STATE>0xc8000000</STATE>
</SYS>
</GP>
<GP>
<PRODCOUNTER>26</PRODCOUNTER>
<SYS>
<STATE>0xc8000000</STATE>
</SYS>
</GP>
<GP>
<SYS>
<STATE>0xc8000000</STATE>
</SYS>
</GP>
<GP>
<FONTLIST>
<FACE>m5</FACE>
<FACE>m5t</FACE>
<FACE>m7x5</FACE>
<FACE>m15</FACE>
<FACE>m23</FACE>
<FACE>m32x24</FACE>
<FACE>a7x5</FACE>
<FACE>a9x5</FACE>
<FACE>a9x6</FACE>
<FACE>a15x11</FACE>
<FACE>a16x12</FACE>
<FACE>a24x15</FACE>
<FACE>a32x22</FACE>
<FACE>ocr11x7</FACE>
<FACE>m7x5t</FACE>
<FACE>Latha</FACE>
<FACE>Tunga</FACE>
<FACE>default</FACE>
<FACE>Arial</FACE>
<FACE>Times New Roman</FACE>
<FACE>@Arial Unicode MS</FACE>
<FACE>Arial Unicode MS</FACE>
<FACE>Tahoma</FACE>
<FACE>Courier New</FACE>
</FONTLIST>
</GP>
<GP>
<MSG>Konfig Parameter saved in File</MSG>
<MSG>KonfigInstall Parameter saved in File</MSG>
<SYS>
<STATE>0xc8000000</STATE>
</SYS>
</GP>
<GP>
<SYS>
<STATE>0xc8000000</STATE>
</SYS>
</GP>
<GP>
<LOADCONFIG>\Config\0000.pcf</LOADCONFIG>
</GP>
<GP>
<SYS>
<STATE>0xc8000000</STATE>
</SYS>
</GP>
<GP>
<SYS>
<STATE>0xc8000000</STATE>
</SYS>
</GP>
<GP>
<SYS>
<STATE>0xc8000000</STATE>
</SYS>
</GP>
<GP>
<STAT aNri="1">0</STAT>
</GP>
<GP>
<SYS>
<STATE>0x88000000</STATE>
</SYS>
</GP>
<GP>
<SYS>
<STATE>0x88000000</STATE>
</SYS>
</GP>
<GP>
<SYS>
<STATE>0x88000000</STATE>
</SYS>
</GP>
<GP>
<SYS>
<STATE>0x88000000</STATE>
</SYS>
</GP>
<GP>
<SYS>
<STATE>0x88000000</STATE>
</SYS>
</GP>
<GP>
<PRODCOUNTER>26</PRODCOUNTER>
<SYS>
<STATE>0x88000000</STATE>
</SYS>
</GP>
<GP>
<STAT aStp="1" aNri="1">0</STAT>
</GP>
<GP>
<SYS>
<STATE>0xc8000000</STATE>
</SYS>
</GP>
<GP>
<PRODCOUNTER>26</PRODCOUNTER>
<SYS>
<STATE>0xc8000000</STATE>
</SYS>
</GP>
<GP>
<MSG>Konfig Parameter saved in File</MSG>
<MSG>KonfigInstall Parameter saved in File</MSG>
<SYS>
<STATE>0xc8000000</STATE>
</SYS>
</GP>
<GP>
<SYS>
<STATE>0xc8000000</STATE>
</SYS>
</GP>
<GP>
<LOADCONFIG>\Config\0000.pcf</LOADCONFIG>
</GP>
<GP>
<SYS>
<STATE>0xc8000000</STATE>
</SYS>
</GP>
<GP>
<SYS>
<STATE>0xc8000000</STATE>
</SYS>
</GP>
<GP>
<SYS>
<STATE>0xc8000000</STATE>
</SYS>
</GP>
<GP>
<STAT aNri="1">0</STAT>
</GP>
<GP>
<SYS>
<STATE>0x88000000</STATE>
</SYS>
</GP>
<GP>
<SYS>
<STATE>0x88000000</STATE>
</SYS>
</GP>
<GP>
<SYS>
<STATE>0x88000000</STATE>
</SYS>
</GP>
