
<GP><EVM>Pe</EVM><SYS><STATE/></SYS></GP>
<GP><LIC/><SYS><STATE/></SYS></GP>
<GP><INKSYSSETUP><NOZZLESIZE/></INKSYSSETUP><SYS><STATE/></SYS></GP>

<GP><EVM>Pe</EVM><SYS><STATE/></SYS></GP>
<GP><EVMPSTART>1</EVMPSTART><SYS><STATE/></SYS></GP>
<GP><PRODCOUNTER/><SYS><STATE/></SYS></GP>
<GP><STOP/><SYS><STATE/></SYS></GP>

<GP><PRODCOUNTER/><SYS><STATE/></SYS></GP>
<GP><CONFIG aName="\Config\0000.pcf"><STROKEDIV>28</STROKEDIV><DENSITY>1</DENSITY><PRINTMODE>pm_48</PRINTMODE><PIXHEIGHT>35</PIXHEIGHT><STROKERES>298.2</STROKERES><LAYOUT>adj</LAYOUT><PRINTOPT>norm</PRINTOPT></CONFIG><CONFIGINSTALL><DISTDIV>1</DISTDIV><ENC>2phas</ENC><DISTRES>10.65</DISTRES><OFFSFWD>0</OFFSFWD><OFFSBWD>0</OFFSBWD><NORMVALUES><NORMCLK>5000</NORMCLK><NORMLEN>213</NORMLEN><NORMSPEED>30</NORMSPEED></NORMVALUES></CONFIGINSTALL><SYS><STATE/></SYS></GP>
<GP><PRINTCONTROL aName="config\PrintControl\0000.ctl"><BASIC><IGNOREDPM>0</IGNOREDPM><DIST>1200</DIST><STARTDIR>ignore</STARTDIR><PRINTSTART>sbt</PRINTSTART></BASIC><OPS>off</OPS><DISTANCE><PRODCALWAYSCOUNT>1</PRODCALWAYSCOUNT><FLIGHT>50</FLIGHT><MEASUREDIST>start_start</MEASUREDIST></DISTANCE><ALARMRELAY><SWNOTREADY>1</SWNOTREADY><SWERROR>1</SWERROR><SWSERVICE>1</SWSERVICE><SWCONS>1</SWCONS><TYPE>nc</TYPE></ALARMRELAY><TEXTLIST><ENABLED>0</ENABLED><LASTLIST>config\PrintControl\0000.lst</LASTLIST></TEXTLIST></PRINTCONTROL><SYS><STATE/></SYS></GP>
<GP><LOADCONFIG>\Config\0000.pcf</LOADCONFIG><SYS><STATE/></SYS></GP>

<GP><SAVELAB aName="\LABEL\0000.txt"><LAB><OBJ><TYPE>code128</TYPE><X>0</X><Y>0</Y><SW>1</SW><ANGLE>0</ANGLE><BCTEXTPOS>0</BCTEXTPOS><BCQUIETZONEA>10</BCQUIETZONEA><BCQUIETZONEB>10</BCQUIETZONEB><BCHEIGHT>27</BCHEIGHT><FONT aFace="m7x5" aSize="7"></FONT><BCRATIO>0</BCRATIO><BCCHECKSUM>0</BCCHECKSUM><TEXT>test</TEXT></OBJ>
</LAB></SAVELAB><SYS><STATE/></SYS></GP>
<GP><LOADLAB>\LABEL\0000.txt</LOADLAB><SYS><STATE/></SYS></GP>
<GP><START/><SYS><STATE/></SYS></GP>

<GP><SYS><STATE/></SYS></GP>
<GP><SYS><STATE/></SYS></GP>
<GP><SYS><STATE/></SYS></GP>
<GP><EVM>Pe</EVM><SYS><STATE/></SYS></GP>
<GP><EVMPSTART>1</EVMPSTART><SYS><STATE/></SYS></GP>
<GP><PRODCOUNTER/><SYS><STATE/></SYS></GP>
<GP><STOP/><SYS><STATE/></SYS></GP>

<GP><PRODCOUNTER/><SYS><STATE/></SYS></GP>
<GP><CONFIG aName="\Config\0000.pcf"><STROKEDIV>28</STROKEDIV><DENSITY>1</DENSITY><PRINTMODE>pm_48</PRINTMODE><PIXHEIGHT>35</PIXHEIGHT><STROKERES>298.2</STROKERES><LAYOUT>adj</LAYOUT><PRINTOPT>norm</PRINTOPT></CONFIG><CONFIGINSTALL><DISTDIV>1</DISTDIV><ENC>2phas</ENC><DISTRES>10.65</DISTRES><OFFSFWD>0</OFFSFWD><OFFSBWD>0</OFFSBWD><NORMVALUES><NORMCLK>5000</NORMCLK><NORMLEN>213</NORMLEN><NORMSPEED>30</NORMSPEED></NORMVALUES></CONFIGINSTALL><SYS><STATE/></SYS></GP>
<GP><PRINTCONTROL aName="config\PrintControl\0000.ctl"><BASIC><IGNOREDPM>0</IGNOREDPM><DIST>1200</DIST><STARTDIR>ignore</STARTDIR><PRINTSTART>sbt</PRINTSTART></BASIC><OPS>off</OPS><DISTANCE><PRODCALWAYSCOUNT>1</PRODCALWAYSCOUNT><FLIGHT>50</FLIGHT><MEASUREDIST>start_start</MEASUREDIST></DISTANCE><ALARMRELAY><SWNOTREADY>1</SWNOTREADY><SWERROR>1</SWERROR><SWSERVICE>1</SWSERVICE><SWCONS>1</SWCONS><TYPE>nc</TYPE></ALARMRELAY><TEXTLIST><ENABLED>0</ENABLED><LASTLIST>config\PrintControl\0000.lst</LASTLIST></TEXTLIST></PRINTCONTROL><SYS><STATE/></SYS></GP>
<GP><LOADCONFIG>\Config\0000.pcf</LOADCONFIG><SYS><STATE/></SYS></GP>

<GP><SAVELAB aName="\LABEL\0000.txt"><LAB><OBJ><TYPE>code128</TYPE><X>0</X><Y>0</Y><SW>1</SW><ANGLE>0</ANGLE><BCTEXTPOS>0</BCTEXTPOS><BCQUIETZONEA>10</BCQUIETZONEA><BCQUIETZONEB>10</BCQUIETZONEB><BCHEIGHT>27</BCHEIGHT><FONT aFace="m7x5" aSize="7"></FONT><BCRATIO>0</BCRATIO><BCCHECKSUM>0</BCCHECKSUM><TEXT>test</TEXT></OBJ>
</LAB></SAVELAB><SYS><STATE/></SYS></GP>
<GP><LOADLAB>\LABEL\0000.txt</LOADLAB><SYS><STATE/></SYS></GP>
<GP><START/><SYS><STATE/></SYS></GP>

<GP><SYS><STATE/></SYS></GP>


<GP><STOP/><SYS><STATE/></SYS></GP>
