<GP>
<MSG>Connection Accepted</MSG>
</GP>
<GP>
<SYS>
<STATE>0x88000000</STATE>
</SYS>
</GP>
<GP>
<SYS>
<STATE>0x88000000</STATE>
</SYS>
</GP>
<GP>
<LIC aUuid="{1AD088E6-57F8-4949-A1C3-14C3C871D863}" aName="evo;professional;pigmented">
//////////8PAAAAAAAAAAAAAAAAAAAAAAAAAAAAAAA=
</LIC>
</GP>
<GP>
<INKSYSSETUP>
<NOZZLESIZE aPOffs="0">70</NOZZLESIZE>
</INKSYSSETUP>
<SYS>
<STATE>0x88000000</STATE>
</SYS>
</GP>
<GP>
<SYS>
<STATE>0x88000000</STATE>
</SYS>
</GP>
<GP>
<SYS>
<STATE>0x88000000</STATE>
</SYS>
</GP>
<GP>
<PRODCOUNTER>26</PRODCOUNTER>
<SYS>
<STATE>0x88000000</STATE>
</SYS>
</GP>
<GP>
<STAT aStp="1" aNri="1">0</STAT>
</GP>
<GP>
<SYS>
<STATE>0xc8000000</STATE>
</SYS>
</GP>
<GP>
<PRODCOUNTER>26</PRODCOUNTER>
<SYS>
<STATE>0xc8000000</STATE>
</SYS>
</GP>
<GP>
<MSG>Konfig Parameter saved in File</MSG>
<MSG>KonfigInstall Parameter saved in File</MSG>
<SYS>
<STATE>0xc8000000</STATE>
</SYS>
</GP>
<GP>
<SYS>
<STATE>0xc8000000</STATE>
</SYS>
</GP>
<GP>
<LOADCONFIG>\Config\0000.pcf</LOADCONFIG>
</GP>
<GP>
<SYS>
<STATE>0xc8000000</STATE>
</SYS>
</GP>
<GP>
<SYS>
<STATE>0xc8000000</STATE>
</SYS>
</GP>
<GP>
<SYS>
<STATE>0xc8000000</STATE>
</SYS>
</GP>
<GP>
<STAT aNri="1">0</STAT>
</GP>
<GP>
<SYS>
<STATE>0x88000000</STATE>
</SYS>
</GP>
<GP>
<SYS>
<STATE>0x88000000</STATE>
</SYS>
</GP>
<GP>
<SYS>
<STATE>0x88000000</STATE>
</SYS>
</GP>
<GP>
<SYS>
<STATE>0x88000000</STATE>
</SYS>
</GP>
<GP>
<SYS>
<STATE>0x88000000</STATE>
</SYS>
</GP>
<GP>
<SYS>
<STATE>0x88000000</STATE>
</SYS>
</GP>
<GP>
<PRODCOUNTER>26</PRODCOUNTER>
<SYS>
<STATE>0x88000000</STATE>
</SYS>
</GP>
<GP>
<STAT aStp="1" aNri="1">0</STAT>
</GP>
<GP>
<SYS>
<STATE>0xc8000000</STATE>
</SYS>
</GP>
<GP>
<PRODCOUNTER>26</PRODCOUNTER>
<SYS>
<STATE>0xc8000000</STATE>
</SYS>
</GP>
<GP>
<MSG>Konfig Parameter saved in File</MSG>
<MSG>KonfigInstall Parameter saved in File</MSG>
<SYS>
<STATE>0xc8000000</STATE>
</SYS>
</GP>
<GP>
<SYS>
<STATE>0xc8000000</STATE>
</SYS>
</GP>
<GP>
<LOADCONFIG>\Config\0000.pcf</LOADCONFIG>
</GP>
<GP>
<SYS>
<STATE>0xc8000000</STATE>
</SYS>
</GP>
<GP>
<SYS>
<STATE>0xc8000000</STATE>
</SYS>
</GP>
<GP>
<SYS>
<STATE>0xc8000000</STATE>
</SYS>
</GP>
<GP>
<STAT aNri="1">0</STAT>
</GP>
<GP>
<SYS>
<STATE>0x88000000</STATE>
</SYS>
</GP>
<GP>
<SYS>
<STATE>0x88000000</STATE>
</SYS>
</GP>
<GP>
<STAT>1</STAT>
</GP>
<GP>
<STAT aStp="1">0</STAT>
</GP>
<GP>
<SYS>
<STATE>0xc0000000</STATE>
</SYS>
</GP>
